<?xml version="1.0" encoding="UTF-8"?>
<testng-results total="1" passed="1" failed="0" skipped="0">
  <reporter-output>
  </reporter-output>
  <suite started-at="2024-07-25T13:25:47Z" name="Test Suite for Buildout" finished-at="2024-07-25T13:25:57Z" duration-ms="9197">
    <groups>
    </groups>
    <test started-at="2024-07-25T13:25:47Z" name="Test Cases for Buildout" finished-at="2024-07-25T13:25:57Z" duration-ms="9197">
      <class name="demo.TestCases">
        <test-method is-config="true" signature="startBrowser()[pri:0, instance:demo.TestCases@7e4204e2]" started-at="2024-07-25T18:55:47Z" name="startBrowser" finished-at="2024-07-25T18:55:50Z" duration-ms="2679" status="PASS">
          <reporter-output>
          </reporter-output>
        </test-method> <!-- startBrowser -->
        <test-method signature="TestCase()[pri:0, instance:demo.TestCases@7e4204e2]" started-at="2024-07-25T18:55:50Z" name="TestCase" finished-at="2024-07-25T18:55:56Z" duration-ms="6038" status="PASS">
          <reporter-output>
          </reporter-output>
        </test-method> <!-- TestCase -->
        <test-method is-config="true" signature="endTest()[pri:0, instance:demo.TestCases@7e4204e2]" started-at="2024-07-25T18:55:56Z" name="endTest" finished-at="2024-07-25T18:55:57Z" duration-ms="464" status="PASS">
          <reporter-output>
          </reporter-output>
        </test-method> <!-- endTest -->
      </class> <!-- demo.TestCases -->
    </test> <!-- Test Cases for Buildout -->
  </suite> <!-- Test Suite for Buildout -->
</testng-results>
